INFO: latexindent.exe version 3.4.1, 2018-01-18, a script to indent .tex files
      latexindent.exe lives here: C:/Temp/
      Fri Mar 23 21:58:01 2018
      Filename: c:\PlayerModeling\thesis\__latexindent_temp.tex
INFO: Processing switches:
      -y|--yaml: YAML settings specified via command line
      -c|--cruft: cruft directory
INFO: Directory for backup files and c:\PlayerModeling\thesisindent.log: c:\PlayerModeling\thesis
INFO: YAML settings read: defaultSettings.yaml
      Reading defaultSettings.yaml from C:/Temp/defaultSettings.yaml
INFO: YAML settings read: indentconfig.yaml or .indentconfig.yaml
      Home directory is C:\Users\leniel (didn't find either indentconfig.yaml or .indentconfig.yaml)
      To specify user settings you would put indentconfig.yaml here: C:\Users\leniel/indentconfig.yaml
      Alternatively, you can use the hidden file .indentconfig.yaml as: C:\Users\leniel/.indentconfig.yaml
INFO: YAML settings read: -y switch
      Updating masterSettings with defaultIndent:     
INFO: Phase 1: searching for objects
INFO: Phase 2: finding surrounding indentation
INFO: Phase 3: indenting objects
INFO: Phase 4: final indentation check
INFO: Output routine:
      Not outputting to file; see -w and -o switches for more options.
      --------------
INFO: Please direct all communication/issues to:
      https://github.com/cmhughes/latexindent.pl
